mode: set
github.com/junior/products-api/internal/products/file_repository.go:14.51,18.2 1 0
github.com/junior/products-api/internal/products/file_repository.go:20.59,23.2 2 0
github.com/junior/products-api/internal/products/file_repository.go:25.54,28.16 3 0
github.com/junior/products-api/internal/products/file_repository.go:28.16,30.3 1 0
github.com/junior/products-api/internal/products/file_repository.go:32.2,32.16 1 0
github.com/junior/products-api/internal/products/file_repository.go:35.47,38.16 3 0
github.com/junior/products-api/internal/products/file_repository.go:38.16,40.3 1 0
github.com/junior/products-api/internal/products/file_repository.go:41.2,42.23 2 0
github.com/junior/products-api/internal/products/file_repository.go:42.23,43.17 1 0
github.com/junior/products-api/internal/products/file_repository.go:43.17,45.9 2 0
github.com/junior/products-api/internal/products/file_repository.go:48.2,48.17 1 0
github.com/junior/products-api/internal/products/file_repository.go:48.17,50.3 1 0
github.com/junior/products-api/internal/products/file_repository.go:52.2,55.16 3 0
github.com/junior/products-api/internal/products/file_repository.go:55.16,57.3 1 0
github.com/junior/products-api/internal/products/file_repository.go:59.2,59.12 1 0
github.com/junior/products-api/internal/products/file_repository.go:62.138,64.2 1 0
github.com/junior/products-api/internal/products/file_repository.go:65.92,69.16 4 0
github.com/junior/products-api/internal/products/file_repository.go:69.16,71.3 1 0
github.com/junior/products-api/internal/products/file_repository.go:73.2,73.20 1 0
github.com/junior/products-api/internal/products/file_repository.go:73.20,74.21 1 0
github.com/junior/products-api/internal/products/file_repository.go:74.21,76.18 2 0
github.com/junior/products-api/internal/products/file_repository.go:76.18,78.5 1 0
github.com/junior/products-api/internal/products/file_repository.go:80.4,80.18 1 0
github.com/junior/products-api/internal/products/file_repository.go:80.18,82.5 1 0
github.com/junior/products-api/internal/products/file_repository.go:83.4,85.17 2 0
github.com/junior/products-api/internal/products/file_repository.go:88.2,88.23 1 0
github.com/junior/products-api/internal/products/file_repository.go:91.130,106.16 4 0
github.com/junior/products-api/internal/products/file_repository.go:106.16,108.3 1 0
github.com/junior/products-api/internal/products/file_repository.go:110.2,114.16 5 0
github.com/junior/products-api/internal/products/file_repository.go:114.16,116.3 1 0
github.com/junior/products-api/internal/products/file_repository.go:118.2,118.15 1 0
github.com/junior/products-api/internal/products/repository.go:14.47,16.2 1 0
github.com/junior/products-api/internal/products/service.go:20.47,22.16 2 0
github.com/junior/products-api/internal/products/service.go:22.16,24.3 1 0
github.com/junior/products-api/internal/products/service.go:25.2,25.22 1 0
github.com/junior/products-api/internal/products/service.go:28.52,30.16 2 0
github.com/junior/products-api/internal/products/service.go:30.16,32.3 1 0
github.com/junior/products-api/internal/products/service.go:34.2,34.35 1 0
github.com/junior/products-api/internal/products/service.go:34.35,35.23 1 0
github.com/junior/products-api/internal/products/service.go:35.23,37.4 1 0
github.com/junior/products-api/internal/products/service.go:40.2,40.57 1 0
github.com/junior/products-api/internal/products/service.go:43.123,46.16 2 0
github.com/junior/products-api/internal/products/service.go:46.16,48.3 1 0
github.com/junior/products-api/internal/products/service.go:50.2,50.21 1 0
github.com/junior/products-api/internal/products/service.go:53.131,55.2 1 0
github.com/junior/products-api/internal/products/service.go:57.85,59.2 1 0
github.com/junior/products-api/internal/products/service.go:61.40,63.2 1 0
github.com/junior/products-api/internal/products/service.go:65.39,69.2 1 0
